<?xml version="1.0" encoding="UTF-8"?>
<!-- Generated by org.testng.reporters.JUnitXMLReporter -->
<testsuite ignored="0" hostname="CKHOL005" failures="1" tests="7" name="Test" time="80.48" errors="0" timestamp="2026-08-10T12:37:23 IST">
  <testcase classname="testCases.TC001_AccountRegistrationTest" name="verifyAccountRegistration" time="4.378"/>
  <testcase classname="testCases.TC002_LoginTest" name="verify_login" time="12.403">
    <failure type="java.lang.AssertionError" message="expected [true] but found [false]">
      <![CDATA[java.lang.AssertionError: expected [true] but found [false]
at testCases.TC002_LoginTest.verify_login(TC002_LoginTest.java:32)
at java.base/java.util.ArrayList.forEach(ArrayList.java:1597)
... Removed 29 stack frames]]>
    </failure>
  </testcase> <!-- verify_login -->
  <testcase classname="testCases.TC003_LoginDataDrivenTesting" name="verify_loginDDT" time="2.837"/>
  <testcase classname="testCases.TC003_LoginDataDrivenTesting" name="verify_loginDDT" time="11.057"/>
  <testcase classname="testCases.TC003_LoginDataDrivenTesting" name="verify_loginDDT" time="12.862"/>
  <testcase classname="testCases.TC003_LoginDataDrivenTesting" name="verify_loginDDT" time="12.14"/>
  <testcase classname="testCases.TC003_LoginDataDrivenTesting" name="verify_loginDDT" time="3.094"/>
</testsuite> <!-- Test -->
