<?xml version="1.0" encoding="UTF-8"?>
<!-- Generated by org.testng.reporters.JUnitXMLReporter -->
<testsuite ignored="0" hostname="CKHOL005" failures="1" tests="1" name="Test" time="14.688" errors="0" timestamp="2026-08-18T10:55:26 IST">
  <testcase classname="testCases.TC_005_AddToCartPageTest" name="verifyAddToCart" time="8.019">
    <failure type="java.lang.AssertionError" message="Success message not displayed after adding product to cart expected [true] but found [false]">
      <![CDATA[java.lang.AssertionError: Success message not displayed after adding product to cart expected [true] but found [false]
at testCases.TC_005_AddToCartPageTest.verifyAddToCart(TC_005_AddToCartPageTest.java:46)
at java.base/java.util.ArrayList.forEach(ArrayList.java:1596)
... Removed 28 stack frames]]>
    </failure>
  </testcase> <!-- verifyAddToCart -->
</testsuite> <!-- Test -->
