<?xml version="1.0" encoding="UTF-8"?>
<testng-results ignored="0" total="7" passed="6" failed="1" skipped="0">
  <reporter-output>
  </reporter-output>
  <suite started-at="2026-08-10T12:36:00 IST" name="Suite" finished-at="2026-08-10T12:37:21 IST" duration-ms="80480">
    <groups>
      <group name="Master">
        <method signature="TC001_AccountRegistrationTest.verifyAccountRegistration()[pri:0, instance:testCases.TC001_AccountRegistrationTest@39ac0c0a]" name="verifyAccountRegistration" class="testCases.TC001_AccountRegistrationTest"/>
        <method signature="TC002_LoginTest.verify_login()[pri:0, instance:testCases.TC002_LoginTest@6c4980d3]" name="verify_login" class="testCases.TC002_LoginTest"/>
      </group> <!-- Master -->
      <group name="Sanity">
        <method signature="TC002_LoginTest.verify_login()[pri:0, instance:testCases.TC002_LoginTest@6c4980d3]" name="verify_login" class="testCases.TC002_LoginTest"/>
      </group> <!-- Sanity -->
      <group name="DataDriven">
        <method signature="TC003_LoginDataDrivenTesting.verify_loginDDT(java.lang.String,java.lang.String,java.lang.String)[pri:0, instance:testCases.TC003_LoginDataDrivenTesting@327bcebd]" name="verify_loginDDT" class="testCases.TC003_LoginDataDrivenTesting"/>
      </group> <!-- DataDriven -->
      <group name="Regression">
        <method signature="TC001_AccountRegistrationTest.verifyAccountRegistration()[pri:0, instance:testCases.TC001_AccountRegistrationTest@39ac0c0a]" name="verifyAccountRegistration" class="testCases.TC001_AccountRegistrationTest"/>
      </group> <!-- Regression -->
    </groups>
    <test started-at="2026-08-10T12:36:00 IST" name="Test" finished-at="2026-08-10T12:37:21 IST" duration-ms="80480">
      <class name="testCases.TC003_LoginDataDrivenTesting">
        <test-method is-config="true" signature="setUp()[pri:0, instance:testCases.TC003_LoginDataDrivenTesting@327bcebd]" started-at="2026-08-10T12:36:31 IST" name="setUp" finished-at="2026-08-10T12:36:36 IST" duration-ms="4962" status="PASS">
          <reporter-output>
          </reporter-output>
        </test-method> <!-- setUp -->
        <test-method signature="verify_loginDDT(java.lang.String,java.lang.String,java.lang.String)[pri:0, instance:testCases.TC003_LoginDataDrivenTesting@327bcebd]" started-at="2026-08-10T12:36:38 IST" name="verify_loginDDT" data-provider="LoginData" finished-at="2026-08-10T12:36:41 IST" duration-ms="2837" status="PASS">
          <params>
            <param index="0">
              <value>
                <![CDATA[gauravshakya55@gmail.com]]>
              </value>
            </param>
            <param index="1">
              <value>
                <![CDATA[Gaurav@123]]>
              </value>
            </param>
            <param index="2">
              <value>
                <![CDATA[valid]]>
              </value>
            </param>
          </params>
          <reporter-output>
          </reporter-output>
        </test-method> <!-- verify_loginDDT -->
        <test-method signature="verify_loginDDT(java.lang.String,java.lang.String,java.lang.String)[pri:0, instance:testCases.TC003_LoginDataDrivenTesting@327bcebd]" started-at="2026-08-10T12:36:41 IST" name="verify_loginDDT" data-provider="LoginData" finished-at="2026-08-10T12:36:52 IST" duration-ms="11057" status="PASS">
          <params>
            <param index="0">
              <value>
                <![CDATA[lakshmi@yahoo.com]]>
              </value>
            </param>
            <param index="1">
              <value>
                <![CDATA[laxmi]]>
              </value>
            </param>
            <param index="2">
              <value>
                <![CDATA[invalid]]>
              </value>
            </param>
          </params>
          <reporter-output>
          </reporter-output>
        </test-method> <!-- verify_loginDDT -->
        <test-method signature="verify_loginDDT(java.lang.String,java.lang.String,java.lang.String)[pri:0, instance:testCases.TC003_LoginDataDrivenTesting@327bcebd]" started-at="2026-08-10T12:36:52 IST" name="verify_loginDDT" data-provider="LoginData" finished-at="2026-08-10T12:37:05 IST" duration-ms="12862" status="PASS">
          <params>
            <param index="0">
              <value>
                <![CDATA[ravikumar@gmail.com]]>
              </value>
            </param>
            <param index="1">
              <value>
                <![CDATA[ravi]]>
              </value>
            </param>
            <param index="2">
              <value>
                <![CDATA[invalid]]>
              </value>
            </param>
          </params>
          <reporter-output>
          </reporter-output>
        </test-method> <!-- verify_loginDDT -->
        <test-method signature="verify_loginDDT(java.lang.String,java.lang.String,java.lang.String)[pri:0, instance:testCases.TC003_LoginDataDrivenTesting@327bcebd]" started-at="2026-08-10T12:37:05 IST" name="verify_loginDDT" data-provider="LoginData" finished-at="2026-08-10T12:37:17 IST" duration-ms="12140" status="PASS">
          <params>
            <param index="0">
              <value>
                <![CDATA[guptaram]]>
              </value>
            </param>
            <param index="1">
              <value>
                <![CDATA[ramkumar]]>
              </value>
            </param>
            <param index="2">
              <value>
                <![CDATA[invalid]]>
              </value>
            </param>
          </params>
          <reporter-output>
          </reporter-output>
        </test-method> <!-- verify_loginDDT -->
        <test-method signature="verify_loginDDT(java.lang.String,java.lang.String,java.lang.String)[pri:0, instance:testCases.TC003_LoginDataDrivenTesting@327bcebd]" started-at="2026-08-10T12:37:17 IST" name="verify_loginDDT" data-provider="LoginData" finished-at="2026-08-10T12:37:20 IST" duration-ms="3094" status="PASS">
          <params>
            <param index="0">
              <value>
                <![CDATA[abc0505@gmail.com]]>
              </value>
            </param>
            <param index="1">
              <value>
                <![CDATA[Abc@123]]>
              </value>
            </param>
            <param index="2">
              <value>
                <![CDATA[valid]]>
              </value>
            </param>
          </params>
          <reporter-output>
          </reporter-output>
        </test-method> <!-- verify_loginDDT -->
        <test-method is-config="true" signature="tearDown()[pri:0, instance:testCases.TC003_LoginDataDrivenTesting@327bcebd]" started-at="2026-08-10T12:37:20 IST" name="tearDown" finished-at="2026-08-10T12:37:21 IST" duration-ms="613" status="PASS">
          <reporter-output>
          </reporter-output>
        </test-method> <!-- tearDown -->
      </class> <!-- testCases.TC003_LoginDataDrivenTesting -->
      <class name="testCases.TC002_LoginTest">
        <test-method is-config="true" signature="setUp()[pri:0, instance:testCases.TC002_LoginTest@6c4980d3]" started-at="2026-08-10T12:36:11 IST" name="setUp" finished-at="2026-08-10T12:36:17 IST" duration-ms="5922" status="PASS">
          <reporter-output>
          </reporter-output>
        </test-method> <!-- setUp -->
        <test-method signature="verify_login()[pri:0, instance:testCases.TC002_LoginTest@6c4980d3]" started-at="2026-08-10T12:36:17 IST" name="verify_login" finished-at="2026-08-10T12:36:30 IST" duration-ms="12403" status="FAIL">
          <exception class="java.lang.AssertionError">
            <message>
              <![CDATA[expected [true] but found [false]]]>
            </message>
            <full-stacktrace>
              <![CDATA[java.lang.AssertionError: expected [true] but found [false]
at org.testng.Assert.fail(Assert.java:111)
at org.testng.Assert.failNotEquals(Assert.java:1578)
at org.testng.Assert.assertTrue(Assert.java:57)
at org.testng.Assert.assertTrue(Assert.java:67)
at testCases.TC002_LoginTest.verify_login(TC002_LoginTest.java:32)
at java.base/jdk.internal.reflect.DirectMethodHandleAccessor.invoke(DirectMethodHandleAccessor.java:103)
at java.base/java.lang.reflect.Method.invoke(Method.java:580)
at org.testng.internal.invokers.MethodInvocationHelper.invokeMethod(MethodInvocationHelper.java:141)
at org.testng.internal.invokers.TestInvoker.invokeMethod(TestInvoker.java:686)
at org.testng.internal.invokers.TestInvoker.invokeTestMethod(TestInvoker.java:230)
at org.testng.internal.invokers.MethodRunner.runInSequence(MethodRunner.java:63)
at org.testng.internal.invokers.TestInvoker$MethodInvocationAgent.invoke(TestInvoker.java:992)
at org.testng.internal.invokers.TestInvoker.invokeTestMethods(TestInvoker.java:203)
at org.testng.internal.invokers.TestMethodWorker.invokeTestMethods(TestMethodWorker.java:154)
at org.testng.internal.invokers.TestMethodWorker.run(TestMethodWorker.java:134)
at java.base/java.util.ArrayList.forEach(ArrayList.java:1597)
at org.testng.TestRunner.privateRun(TestRunner.java:739)
at org.testng.TestRunner.run(TestRunner.java:614)
at org.testng.SuiteRunner.runTest(SuiteRunner.java:421)
at org.testng.SuiteRunner.runSequentially(SuiteRunner.java:413)
at org.testng.SuiteRunner.privateRun(SuiteRunner.java:373)
at org.testng.SuiteRunner.run(SuiteRunner.java:312)
at org.testng.SuiteRunnerWorker.runSuite(SuiteRunnerWorker.java:52)
at org.testng.SuiteRunnerWorker.run(SuiteRunnerWorker.java:95)
at org.testng.TestNG.runSuitesSequentially(TestNG.java:1274)
at org.testng.TestNG.runSuitesLocally(TestNG.java:1208)
at org.testng.TestNG.runSuites(TestNG.java:1112)
at org.testng.TestNG.run(TestNG.java:1079)
at org.testng.remote.AbstractRemoteTestNG.run(AbstractRemoteTestNG.java:115)
at org.testng.remote.RemoteTestNG.initAndRun(RemoteTestNG.java:293)
at org.testng.remote.RemoteTestNG.main(RemoteTestNG.java:91)
]]>
            </full-stacktrace>
          </exception> <!-- java.lang.AssertionError -->
          <reporter-output>
          </reporter-output>
        </test-method> <!-- verify_login -->
        <test-method is-config="true" signature="tearDown()[pri:0, instance:testCases.TC002_LoginTest@6c4980d3]" started-at="2026-08-10T12:36:30 IST" name="tearDown" finished-at="2026-08-10T12:36:31 IST" duration-ms="820" status="PASS">
          <reporter-output>
          </reporter-output>
        </test-method> <!-- tearDown -->
      </class> <!-- testCases.TC002_LoginTest -->
      <class name="testCases.TC001_AccountRegistrationTest">
        <test-method is-config="true" signature="setUp()[pri:0, instance:testCases.TC001_AccountRegistrationTest@39ac0c0a]" started-at="2026-08-10T12:36:00 IST" name="setUp" finished-at="2026-08-10T12:36:06 IST" duration-ms="6012" status="PASS">
          <reporter-output>
          </reporter-output>
        </test-method> <!-- setUp -->
        <test-method signature="verifyAccountRegistration()[pri:0, instance:testCases.TC001_AccountRegistrationTest@39ac0c0a]" started-at="2026-08-10T12:36:06 IST" name="verifyAccountRegistration" finished-at="2026-08-10T12:36:11 IST" duration-ms="4378" status="PASS">
          <reporter-output>
          </reporter-output>
        </test-method> <!-- verifyAccountRegistration -->
        <test-method is-config="true" signature="tearDown()[pri:0, instance:testCases.TC001_AccountRegistrationTest@39ac0c0a]" started-at="2026-08-10T12:36:11 IST" name="tearDown" finished-at="2026-08-10T12:36:11 IST" duration-ms="583" status="PASS">
          <reporter-output>
          </reporter-output>
        </test-method> <!-- tearDown -->
      </class> <!-- testCases.TC001_AccountRegistrationTest -->
    </test> <!-- Test -->
  </suite> <!-- Suite -->
</testng-results>
