<?xml version="1.0" encoding="UTF-8"?>
<testng-results ignored="0" total="1" passed="0" failed="1" skipped="0">
  <reporter-output>
  </reporter-output>
  <suite started-at="2026-08-18T10:55:10 IST" name="Suite" finished-at="2026-08-18T10:55:25 IST" duration-ms="14688">
    <groups>
      <group name="Master">
        <method signature="TC_005_AddToCartPageTest.verifyAddToCart()[pri:0, instance:testCases.TC_005_AddToCartPageTest@407a7f2a]" name="verifyAddToCart" class="testCases.TC_005_AddToCartPageTest"/>
      </group> <!-- Master -->
    </groups>
    <test started-at="2026-08-18T10:55:10 IST" name="Test" finished-at="2026-08-18T10:55:25 IST" duration-ms="14688">
      <class name="testCases.TC_005_AddToCartPageTest">
        <test-method is-config="true" signature="setUp()[pri:0, instance:testCases.TC_005_AddToCartPageTest@407a7f2a]" started-at="2026-08-18T10:55:11 IST" name="setUp" finished-at="2026-08-18T10:55:16 IST" duration-ms="5892" status="PASS">
          <reporter-output>
          </reporter-output>
        </test-method> <!-- setUp -->
        <test-method signature="verifyAddToCart()[pri:0, instance:testCases.TC_005_AddToCartPageTest@407a7f2a]" started-at="2026-08-18T10:55:16 IST" name="verifyAddToCart" finished-at="2026-08-18T10:55:24 IST" duration-ms="8019" status="FAIL">
          <exception class="java.lang.AssertionError">
            <message>
              <![CDATA[Success message not displayed after adding product to cart expected [true] but found [false]]]>
            </message>
            <full-stacktrace>
              <![CDATA[java.lang.AssertionError: Success message not displayed after adding product to cart expected [true] but found [false]
at org.testng.Assert.fail(Assert.java:111)
at org.testng.Assert.failNotEquals(Assert.java:1578)
at org.testng.Assert.assertTrue(Assert.java:57)
at testCases.TC_005_AddToCartPageTest.verifyAddToCart(TC_005_AddToCartPageTest.java:46)
at java.base/jdk.internal.reflect.DirectMethodHandleAccessor.invoke(DirectMethodHandleAccessor.java:103)
at java.base/java.lang.reflect.Method.invoke(Method.java:580)
at org.testng.internal.invokers.MethodInvocationHelper.invokeMethod(MethodInvocationHelper.java:141)
at org.testng.internal.invokers.TestInvoker.invokeMethod(TestInvoker.java:686)
at org.testng.internal.invokers.TestInvoker.invokeTestMethod(TestInvoker.java:230)
at org.testng.internal.invokers.MethodRunner.runInSequence(MethodRunner.java:63)
at org.testng.internal.invokers.TestInvoker$MethodInvocationAgent.invoke(TestInvoker.java:992)
at org.testng.internal.invokers.TestInvoker.invokeTestMethods(TestInvoker.java:203)
at org.testng.internal.invokers.TestMethodWorker.invokeTestMethods(TestMethodWorker.java:154)
at org.testng.internal.invokers.TestMethodWorker.run(TestMethodWorker.java:134)
at java.base/java.util.ArrayList.forEach(ArrayList.java:1596)
at org.testng.TestRunner.privateRun(TestRunner.java:739)
at org.testng.TestRunner.run(TestRunner.java:614)
at org.testng.SuiteRunner.runTest(SuiteRunner.java:421)
at org.testng.SuiteRunner.runSequentially(SuiteRunner.java:413)
at org.testng.SuiteRunner.privateRun(SuiteRunner.java:373)
at org.testng.SuiteRunner.run(SuiteRunner.java:312)
at org.testng.SuiteRunnerWorker.runSuite(SuiteRunnerWorker.java:52)
at org.testng.SuiteRunnerWorker.run(SuiteRunnerWorker.java:95)
at org.testng.TestNG.runSuitesSequentially(TestNG.java:1274)
at org.testng.TestNG.runSuitesLocally(TestNG.java:1208)
at org.testng.TestNG.runSuites(TestNG.java:1112)
at org.testng.TestNG.run(TestNG.java:1079)
at org.testng.remote.AbstractRemoteTestNG.run(AbstractRemoteTestNG.java:115)
at org.testng.remote.RemoteTestNG.initAndRun(RemoteTestNG.java:293)
at org.testng.remote.RemoteTestNG.main(RemoteTestNG.java:91)
]]>
            </full-stacktrace>
          </exception> <!-- java.lang.AssertionError -->
          <reporter-output>
          </reporter-output>
        </test-method> <!-- verifyAddToCart -->
        <test-method is-config="true" signature="tearDown()[pri:0, instance:testCases.TC_005_AddToCartPageTest@407a7f2a]" started-at="2026-08-18T10:55:25 IST" name="tearDown" finished-at="2026-08-18T10:55:25 IST" duration-ms="2" status="PASS">
          <reporter-output>
          </reporter-output>
        </test-method> <!-- tearDown -->
      </class> <!-- testCases.TC_005_AddToCartPageTest -->
    </test> <!-- Test -->
  </suite> <!-- Suite -->
</testng-results>
