<?xml version="1.0" encoding="UTF-8"?>
<!-- Generated by org.testng.reporters.JUnitReportReporter -->
<testsuite hostname="CKHOL005" failures="0" tests="5" name="testCases.TC003_LoginDataDrivenTesting" time="41.990" errors="0" timestamp="2026-08-10T12:37:23 IST" skipped="0">
  <testcase classname="testCases.TC003_LoginDataDrivenTesting" name="verify_loginDDT" time="12.862"/>
  <testcase classname="testCases.TC003_LoginDataDrivenTesting" name="verify_loginDDT" time="12.140"/>
  <testcase classname="testCases.TC003_LoginDataDrivenTesting" name="verify_loginDDT" time="2.837"/>
  <testcase classname="testCases.TC003_LoginDataDrivenTesting" name="verify_loginDDT" time="11.057"/>
  <testcase classname="testCases.TC003_LoginDataDrivenTesting" name="verify_loginDDT" time="3.094"/>
</testsuite> <!-- testCases.TC003_LoginDataDrivenTesting -->
